#
# There is insufficient memory for the Java Runtime Environment to continue.
# Native memory allocation (malloc) failed to allocate 1104256 bytes for Chunk::new
# Possible reasons:
#   The system is out of physical RAM or swap space
#   The process is running with CompressedOops enabled, and the Java Heap may be blocking the growth of the native heap
# Possible solutions:
#   Reduce memory load on the system
#   Increase physical memory or swap space
#   Check if swap backing store is full
#   Decrease Java heap size (-Xmx/-Xms)
#   Decrease number of Java threads
#   Decrease Java thread stack sizes (-Xss)
#   Set larger code cache with -XX:ReservedCodeCacheSize=
#   JVM is running with Zero Based Compressed Oops mode in which the Java heap is
#     placed in the first 32GB address space. The Java Heap base address is the
#     maximum limit for the native heap growth. Please use -XX:HeapBaseMinAddress
#     to set the Java Heap base and to place the Java Heap above 32GB virtual address.
# This output file may be truncated or incomplete.
#
#  Out of Memory Error (allocation.cpp:389), pid=13484, tid=0x0000000000005f5c
#
# JRE version: OpenJDK Runtime Environment (8.0_312-b07) (build 1.8.0_312-b07)
# Java VM: OpenJDK 64-Bit Server VM (25.312-b07 mixed mode windows-amd64 compressed oops)
# Failed to write core dump. Minidumps are not enabled by default on client versions of Windows
#

---------------  T H R E A D  ---------------

Current thread (0x00000162f062b000):  JavaThread "C2 CompilerThread5" daemon [_thread_in_native, id=24412, stack(0x0000005783c00000,0x0000005783d00000)]

Stack: [0x0000005783c00000,0x0000005783d00000]
[error occurred during error reporting (printing stack bounds), id 0xc0000005]

Native frames: (J=compiled Java code, j=interpreted, Vv=VM code, C=native code)


Current CompileTask:
C2:   8392 6409       4       org.springframework.core.annotation.TypeMappedAnnotations$MergedAnnotationFinder::doWithAnnotations (75 bytes)


---------------  P R O C E S S  ---------------

Java Threads: ( => current thread )
  0x00000162f4860000 JavaThread "ForkJoinPool.commonPool-worker-8" daemon [_thread_blocked, id=28444, stack(0x0000005784f00000,0x0000005785000000)]
  0x00000162f4863000 JavaThread "ForkJoinPool.commonPool-worker-15" daemon [_thread_blocked, id=20192, stack(0x0000005784e00000,0x0000005784f00000)]
  0x00000162f3eb6800 JavaThread "ForkJoinPool.commonPool-worker-6" daemon [_thread_blocked, id=31532, stack(0x0000005784d00000,0x0000005784e00000)]
  0x00000162f62c6000 JavaThread "ForkJoinPool.commonPool-worker-13" daemon [_thread_blocked, id=10536, stack(0x0000005784c00000,0x0000005784d00000)]
  0x00000162f6110800 JavaThread "ForkJoinPool.commonPool-worker-4" daemon [_thread_blocked, id=22924, stack(0x0000005784b00000,0x0000005784c00000)]
  0x00000162f5df2000 JavaThread "ForkJoinPool.commonPool-worker-11" daemon [_thread_blocked, id=17768, stack(0x0000005784a00000,0x0000005784b00000)]
  0x00000162f65d6000 JavaThread "ForkJoinPool.commonPool-worker-2" daemon [_thread_blocked, id=15764, stack(0x0000005784900000,0x0000005784a00000)]
  0x00000162f634c800 JavaThread "ForkJoinPool.commonPool-worker-9" daemon [_thread_blocked, id=29192, stack(0x0000005784800000,0x0000005784900000)]
  0x00000162f5e07000 JavaThread "Druid-ConnectionPool-Destroy-510276116" daemon [_thread_blocked, id=18960, stack(0x0000005784700000,0x0000005784800000)]
  0x00000162f0c9b800 JavaThread "Druid-ConnectionPool-Create-510276116" daemon [_thread_blocked, id=35780, stack(0x0000005784600000,0x0000005784700000)]
  0x00000162f3e3d800 JavaThread "mysql-cj-abandoned-connection-cleanup" daemon [_thread_blocked, id=8636, stack(0x0000005784500000,0x0000005784600000)]
  0x00000162f06b5000 JavaThread "Service Thread" daemon [_thread_blocked, id=26628, stack(0x0000005784300000,0x0000005784400000)]
  0x00000162f0628800 JavaThread "C1 CompilerThread11" daemon [_thread_blocked, id=27876, stack(0x0000005784200000,0x0000005784300000)]
  0x00000162f062a000 JavaThread "C1 CompilerThread10" daemon [_thread_blocked, id=35736, stack(0x0000005784100000,0x0000005784200000)]
  0x00000162f062e000 JavaThread "C1 CompilerThread9" daemon [_thread_blocked, id=15004, stack(0x0000005784000000,0x0000005784100000)]
  0x00000162f0629800 JavaThread "C1 CompilerThread8" daemon [_thread_blocked, id=7684, stack(0x0000005783f00000,0x0000005784000000)]
  0x00000162f062d000 JavaThread "C2 CompilerThread7" daemon [_thread_blocked, id=27264, stack(0x0000005783e00000,0x0000005783f00000)]
  0x00000162f062b800 JavaThread "C2 CompilerThread6" daemon [_thread_in_vm, id=19600, stack(0x0000005783d00000,0x0000005783e00000)]
=>0x00000162f062b000 JavaThread "C2 CompilerThread5" daemon [_thread_in_native, id=24412, stack(0x0000005783c00000,0x0000005783d00000)]
  0x00000162f0603000 JavaThread "C2 CompilerThread4" daemon [_thread_in_native, id=33852, stack(0x0000005783b00000,0x0000005783c00000)]
  0x00000162f05fb000 JavaThread "C2 CompilerThread3" daemon [_thread_blocked, id=31652, stack(0x0000005783a00000,0x0000005783b00000)]
  0x00000162f05f9800 JavaThread "C2 CompilerThread2" daemon [_thread_in_native, id=17772, stack(0x0000005783900000,0x0000005783a00000)]
  0x00000162f05f7800 JavaThread "C2 CompilerThread1" daemon [_thread_blocked, id=6736, stack(0x0000005783800000,0x0000005783900000)]
  0x00000162f05fd800 JavaThread "C2 CompilerThread0" daemon [_thread_in_native, id=17344, stack(0x0000005783700000,0x0000005783800000)]
  0x00000162f05f4000 JavaThread "Attach Listener" daemon [_thread_blocked, id=26556, stack(0x0000005783600000,0x0000005783700000)]
  0x00000162f05f1000 JavaThread "Signal Dispatcher" daemon [_thread_blocked, id=4792, stack(0x0000005783500000,0x0000005783600000)]
  0x00000162ed872800 JavaThread "Finalizer" daemon [_thread_blocked, id=25808, stack(0x0000005783400000,0x0000005783500000)]
  0x00000162ed86b800 JavaThread "Reference Handler" daemon [_thread_blocked, id=16780, stack(0x0000005783300000,0x0000005783400000)]
  0x00000162d28fc800 JavaThread "main" [_thread_in_vm, id=24204, stack(0x0000005782400000,0x0000005782500000)]

Other Threads:
  0x00000162ed85c000 VMThread [stack: 0x0000005783200000,0x0000005783300000] [id=28588]
  0x00000162f06b7800 WatcherThread [stack: 0x0000005784400000,0x0000005784500000] [id=34896]

VM state:not at safepoint (normal execution)

VM Mutex/Monitor currently owned by a thread:  ([mutex/lock_event])
[0x00000162d28fc420] Compile_lock - owner thread: 0x0000000000000000

heap address: 0x00000006c2400000, size: 4060 MB, Compressed Oops mode: Zero based, Oop shift amount: 3
Narrow klass base: 0x0000000000000000, Narrow klass shift: 3
Compressed class space size: 1073741824 Address: 0x00000007c0000000

Heap:
 PSYoungGen      total 354304K, used 29364K [0x000000076b700000, 0x0000000781d80000, 0x00000007c0000000)
  eden space 349696K, 7% used [0x000000076b700000,0x000000076d0f1158,0x0000000780c80000)
  from space 4608K, 60% used [0x0000000781900000,0x0000000781bbc060,0x0000000781d80000)
  to   space 8704K, 0% used [0x0000000780c80000,0x0000000780c80000,0x0000000781500000)
 ParOldGen       total 148480K, used 20648K [0x00000006c2400000, 0x00000006cb500000, 0x000000076b700000)
  object space 148480K, 13% used [0x00000006c2400000,0x00000006c382a188,0x00000006cb500000)
 Metaspace       used 52498K, capacity 54148K, committed 54360K, reserved 1097728K
  class space    used 6584K, capacity 6926K, committed 7000K, reserved 1048576K

Card table byte_map: [0x00000162e3920000,0x00000162e4110000] byte_map_base: 0x00000162e030e000

Marking Bits: (ParMarkBitMap*) 0x0000000072901860
 Begin Bits: [0x00000162e4660000, 0x00000162e85d0000)
 End Bits:   [0x00000162e85d0000, 0x00000162ec540000)

Polling page: 0x00000162d4530000

CodeCache: size=245760Kb used=22408Kb max_used=22436Kb free=223351Kb
 bounds [0x00000162d4560000, 0x00000162d5b60000, 0x00000162e3560000]
 total_blobs=6410 nmethods=5867 adapters=452
 compilation: enabled

Compilation events (10 events):
Event: 8.385 Thread 0x00000162f062e000 nmethod 6437 0x00000162d5b14750 code [0x00000162d5b148c0, 0x00000162d5b14af0]
Event: 8.385 Thread 0x00000162f062e000 6440       3       org.aspectj.weaver.ResolvedType::isInheritedAnnotation (21 bytes)
Event: 8.385 Thread 0x00000162f062a000 nmethod 6436 0x00000162d5b0eb50 code [0x00000162d5b0ecc0, 0x00000162d5b0ef50]
Event: 8.385 Thread 0x00000162f0629800 nmethod 6439 0x00000162d5b0e590 code [0x00000162d5b0e700, 0x00000162d5b0ea50]
Event: 8.385 Thread 0x00000162f062a000 6441       3       org.aspectj.weaver.ResolvedType::ensureAnnotationBitsInitialized (46 bytes)
Event: 8.385 Thread 0x00000162f062e000 nmethod 6440 0x00000162d5b16390 code [0x00000162d5b16500, 0x00000162d5b16710]
Event: 8.385 Thread 0x00000162f0629800 6442       3       org.aspectj.weaver.World$TypeMap::put (562 bytes)
Event: 8.385 Thread 0x00000162f062a000 nmethod 6441 0x00000162d5b15e90 code [0x00000162d5b16000, 0x00000162d5b162f0]
Event: 8.385 Thread 0x00000162f062d000 6443       4       java.util.concurrent.ConcurrentHashMap::put (8 bytes)
Event: 8.385 Thread 0x00000162f062d000 nmethod 6443 0x00000162d5b11fd0 code [0x00000162d5b12120, 0x00000162d5b121a8]

GC Heap History (10 events):
Event: 5.133 GC heap before
{Heap before GC invocations=10 (full 1):
 PSYoungGen      total 209920K, used 208288K [0x000000076b700000, 0x0000000779100000, 0x00000007c0000000)
  eden space 202752K, 100% used [0x000000076b700000,0x0000000777d00000,0x0000000777d00000)
  from space 7168K, 77% used [0x0000000778480000,0x00000007789e8030,0x0000000778b80000)
  to   space 7680K, 0% used [0x0000000777d00000,0x0000000777d00000,0x0000000778480000)
 ParOldGen       total 96256K, used 6145K [0x00000006c2400000, 0x00000006c8200000, 0x000000076b700000)
  object space 96256K, 6% used [0x00000006c2400000,0x00000006c2a00708,0x00000006c8200000)
 Metaspace       used 33226K, capacity 34480K, committed 34560K, reserved 1079296K
  class space    used 4253K, capacity 4530K, committed 4608K, reserved 1048576K
Event: 5.140 GC heap after
Heap after GC invocations=10 (full 1):
 PSYoungGen      total 210432K, used 6272K [0x000000076b700000, 0x000000077d400000, 0x00000007c0000000)
  eden space 202752K, 0% used [0x000000076b700000,0x000000076b700000,0x0000000777d00000)
  from space 7680K, 81% used [0x0000000777d00000,0x0000000778320000,0x0000000778480000)
  to   space 7680K, 0% used [0x000000077cc80000,0x000000077cc80000,0x000000077d400000)
 ParOldGen       total 96256K, used 8069K [0x00000006c2400000, 0x00000006c8200000, 0x000000076b700000)
  object space 96256K, 8% used [0x00000006c2400000,0x00000006c2be1778,0x00000006c8200000)
 Metaspace       used 33226K, capacity 34480K, committed 34560K, reserved 1079296K
  class space    used 4253K, capacity 4530K, committed 4608K, reserved 1048576K
}
Event: 5.233 GC heap before
{Heap before GC invocations=11 (full 1):
 PSYoungGen      total 210432K, used 27863K [0x000000076b700000, 0x000000077d400000, 0x00000007c0000000)
  eden space 202752K, 10% used [0x000000076b700000,0x000000076cc15ee8,0x0000000777d00000)
  from space 7680K, 81% used [0x0000000777d00000,0x0000000778320000,0x0000000778480000)
  to   space 7680K, 0% used [0x000000077cc80000,0x000000077cc80000,0x000000077d400000)
 ParOldGen       total 96256K, used 8069K [0x00000006c2400000, 0x00000006c8200000, 0x000000076b700000)
  object space 96256K, 8% used [0x00000006c2400000,0x00000006c2be1778,0x00000006c8200000)
 Metaspace       used 34009K, capacity 35316K, committed 35416K, reserved 1079296K
  class space    used 4347K, capacity 4632K, committed 4696K, reserved 1048576K
Event: 5.237 GC heap after
Heap after GC invocations=11 (full 1):
 PSYoungGen      total 284160K, used 3616K [0x000000076b700000, 0x000000077e200000, 0x00000007c0000000)
  eden space 276480K, 0% used [0x000000076b700000,0x000000076b700000,0x000000077c500000)
  from space 7680K, 47% used [0x000000077cc80000,0x000000077d008000,0x000000077d400000)
  to   space 7680K, 0% used [0x000000077c500000,0x000000077c500000,0x000000077cc80000)
 ParOldGen       total 96256K, used 10970K [0x00000006c2400000, 0x00000006c8200000, 0x000000076b700000)
  object space 96256K, 11% used [0x00000006c2400000,0x00000006c2eb6b60,0x00000006c8200000)
 Metaspace       used 34009K, capacity 35316K, committed 35416K, reserved 1079296K
  class space    used 4347K, capacity 4632K, committed 4696K, reserved 1048576K
}
Event: 5.237 GC heap before
{Heap before GC invocations=12 (full 2):
 PSYoungGen      total 284160K, used 3616K [0x000000076b700000, 0x000000077e200000, 0x00000007c0000000)
  eden space 276480K, 0% used [0x000000076b700000,0x000000076b700000,0x000000077c500000)
  from space 7680K, 47% used [0x000000077cc80000,0x000000077d008000,0x000000077d400000)
  to   space 7680K, 0% used [0x000000077c500000,0x000000077c500000,0x000000077cc80000)
 ParOldGen       total 96256K, used 10970K [0x00000006c2400000, 0x00000006c8200000, 0x000000076b700000)
  object space 96256K, 11% used [0x00000006c2400000,0x00000006c2eb6b60,0x00000006c8200000)
 Metaspace       used 34009K, capacity 35316K, committed 35416K, reserved 1079296K
  class space    used 4347K, capacity 4632K, committed 4696K, reserved 1048576K
Event: 5.306 GC heap after
Heap after GC invocations=12 (full 2):
 PSYoungGen      total 284160K, used 0K [0x000000076b700000, 0x000000077e200000, 0x00000007c0000000)
  eden space 276480K, 0% used [0x000000076b700000,0x000000076b700000,0x000000077c500000)
  from space 7680K, 0% used [0x000000077cc80000,0x000000077cc80000,0x000000077d400000)
  to   space 7680K, 0% used [0x000000077c500000,0x000000077c500000,0x000000077cc80000)
 ParOldGen       total 148480K, used 13374K [0x00000006c2400000, 0x00000006cb500000, 0x000000076b700000)
  object space 148480K, 9% used [0x00000006c2400000,0x00000006c310f870,0x00000006cb500000)
 Metaspace       used 34009K, capacity 35316K, committed 35416K, reserved 1079296K
  class space    used 4347K, capacity 4632K, committed 4696K, reserved 1048576K
}
Event: 7.647 GC heap before
{Heap before GC invocations=13 (full 2):
 PSYoungGen      total 284160K, used 276480K [0x000000076b700000, 0x000000077e200000, 0x00000007c0000000)
  eden space 276480K, 100% used [0x000000076b700000,0x000000077c500000,0x000000077c500000)
  from space 7680K, 0% used [0x000000077cc80000,0x000000077cc80000,0x000000077d400000)
  to   space 7680K, 0% used [0x000000077c500000,0x000000077c500000,0x000000077cc80000)
 ParOldGen       total 148480K, used 13374K [0x00000006c2400000, 0x00000006cb500000, 0x000000076b700000)
  object space 148480K, 9% used [0x00000006c2400000,0x00000006c310f870,0x00000006cb500000)
 Metaspace       used 47395K, capacity 48990K, committed 49240K, reserved 1091584K
  class space    used 5881K, capacity 6197K, committed 6232K, reserved 1048576K
Event: 7.654 GC heap after
Heap after GC invocations=13 (full 2):
 PSYoungGen      total 284160K, used 7672K [0x000000076b700000, 0x0000000782180000, 0x00000007c0000000)
  eden space 276480K, 0% used [0x000000076b700000,0x000000076b700000,0x000000077c500000)
  from space 7680K, 99% used [0x000000077c500000,0x000000077cc7e080,0x000000077cc80000)
  to   space 8704K, 0% used [0x0000000781900000,0x0000000781900000,0x0000000782180000)
 ParOldGen       total 148480K, used 13514K [0x00000006c2400000, 0x00000006cb500000, 0x000000076b700000)
  object space 148480K, 9% used [0x00000006c2400000,0x00000006c31328f8,0x00000006cb500000)
 Metaspace       used 47395K, capacity 48990K, committed 49240K, reserved 1091584K
  class space    used 5881K, capacity 6197K, committed 6232K, reserved 1048576K
}
Event: 8.301 GC heap before
{Heap before GC invocations=14 (full 2):
 PSYoungGen      total 284160K, used 284152K [0x000000076b700000, 0x0000000782180000, 0x00000007c0000000)
  eden space 276480K, 100% used [0x000000076b700000,0x000000077c500000,0x000000077c500000)
  from space 7680K, 99% used [0x000000077c500000,0x000000077cc7e080,0x000000077cc80000)
  to   space 8704K, 0% used [0x0000000781900000,0x0000000781900000,0x0000000782180000)
 ParOldGen       total 148480K, used 13514K [0x00000006c2400000, 0x00000006cb500000, 0x000000076b700000)
  object space 148480K, 9% used [0x00000006c2400000,0x00000006c31328f8,0x00000006cb500000)
 Metaspace       used 51919K, capacity 53494K, committed 53720K, reserved 1095680K
  class space    used 6517K, capacity 6859K, committed 6872K, reserved 1048576K
Event: 8.306 GC heap after
Heap after GC invocations=14 (full 2):
 PSYoungGen      total 354304K, used 2800K [0x000000076b700000, 0x0000000781d80000, 0x00000007c0000000)
  eden space 349696K, 0% used [0x000000076b700000,0x000000076b700000,0x0000000780c80000)
  from space 4608K, 60% used [0x0000000781900000,0x0000000781bbc060,0x0000000781d80000)
  to   space 8704K, 0% used [0x0000000780c80000,0x0000000780c80000,0x0000000781500000)
 ParOldGen       total 148480K, used 20648K [0x00000006c2400000, 0x00000006cb500000, 0x000000076b700000)
  object space 148480K, 13% used [0x00000006c2400000,0x00000006c382a188,0x00000006cb500000)
 Metaspace       used 51919K, capacity 53494K, committed 53720K, reserved 1095680K
  class space    used 6517K, capacity 6859K, committed 6872K, reserved 1048576K
}

Deoptimization events (10 events):
Event: 8.019 Thread 0x00000162d28fc800 Uncommon trap: reason=bimorphic action=maybe_recompile pc=0x00000162d4ad778c method=java.util.Collections$SynchronizedMap.put(Ljava/lang/Object;Ljava/lang/Object;)Ljava/lang/Object; @ 13
Event: 8.030 Thread 0x00000162d28fc800 Uncommon trap: reason=bimorphic action=maybe_recompile pc=0x00000162d4ad778c method=java.util.Collections$SynchronizedMap.put(Ljava/lang/Object;Ljava/lang/Object;)Ljava/lang/Object; @ 13
Event: 8.041 Thread 0x00000162d28fc800 Uncommon trap: reason=unstable_if action=reinterpret pc=0x00000162d54cb584 method=java.lang.reflect.Method.equals(Ljava/lang/Object;)Z @ 1
Event: 8.118 Thread 0x00000162d28fc800 Uncommon trap: reason=unstable_if action=reinterpret pc=0x00000162d4a38bc8 method=java.lang.StringBuffer.toString()Ljava/lang/String; @ 4
Event: 8.188 Thread 0x00000162d28fc800 Uncommon trap: reason=bimorphic action=maybe_recompile pc=0x00000162d4b6a1b4 method=java.util.concurrent.ConcurrentHashMap.putVal(Ljava/lang/Object;Ljava/lang/Object;Z)Ljava/lang/Object; @ 192
Event: 8.188 Thread 0x00000162d28fc800 Uncommon trap: reason=unstable_if action=reinterpret pc=0x00000162d56fad3c method=java.util.concurrent.ConcurrentHashMap.get(Ljava/lang/Object;)Ljava/lang/Object; @ 152
Event: 8.189 Thread 0x00000162d28fc800 Uncommon trap: reason=bimorphic action=maybe_recompile pc=0x00000162d4b6a1b4 method=java.util.concurrent.ConcurrentHashMap.putVal(Ljava/lang/Object;Ljava/lang/Object;Z)Ljava/lang/Object; @ 192
Event: 8.190 Thread 0x00000162d28fc800 Uncommon trap: reason=bimorphic action=maybe_recompile pc=0x00000162d4b6a1b4 method=java.util.concurrent.ConcurrentHashMap.putVal(Ljava/lang/Object;Ljava/lang/Object;Z)Ljava/lang/Object; @ 192
Event: 8.352 Thread 0x00000162d28fc800 Uncommon trap: reason=unstable_if action=reinterpret pc=0x00000162d481f3d8 method=java.util.Properties$LineReader.readLine()I @ 200
Event: 8.352 Thread 0x00000162d28fc800 Uncommon trap: reason=unstable_if action=reinterpret pc=0x00000162d515728c method=java.util.Properties$LineReader.readLine()I @ 252

Classes redefined (0 events):
No events

Internal exceptions (10 events):
Event: 8.128 Thread 0x00000162d28fc800 Exception <a 'java/lang/ArrayIndexOutOfBoundsException': 19> (0x00000007797ca950) thrown at [C:\wsjdk\Corretto8Src\installers\windows\zip\corretto-build\buildRoot\src\hotspot\src\share\vm\interpreter\interpreterRuntime.cpp, line 371]
Event: 8.128 Thread 0x00000162d28fc800 Exception <a 'java/lang/ArrayIndexOutOfBoundsException': 19> (0x00000007797cadc8) thrown at [C:\wsjdk\Corretto8Src\installers\windows\zip\corretto-build\buildRoot\src\hotspot\src\share\vm\interpreter\interpreterRuntime.cpp, line 371]
Event: 8.138 Thread 0x00000162d28fc800 Exception <a 'java/lang/ArrayIndexOutOfBoundsException': 3> (0x00000007799d14b8) thrown at [C:\wsjdk\Corretto8Src\installers\windows\zip\corretto-build\buildRoot\src\hotspot\src\share\vm\interpreter\interpreterRuntime.cpp, line 371]
Event: 8.138 Thread 0x00000162d28fc800 Exception <a 'java/lang/ArrayIndexOutOfBoundsException': 3> (0x00000007799d18d8) thrown at [C:\wsjdk\Corretto8Src\installers\windows\zip\corretto-build\buildRoot\src\hotspot\src\share\vm\interpreter\interpreterRuntime.cpp, line 371]
Event: 8.144 Thread 0x00000162d28fc800 Exception <a 'java/lang/ArrayIndexOutOfBoundsException': 27> (0x0000000779b52ef0) thrown at [C:\wsjdk\Corretto8Src\installers\windows\zip\corretto-build\buildRoot\src\hotspot\src\share\vm\interpreter\interpreterRuntime.cpp, line 371]
Event: 8.144 Thread 0x00000162d28fc800 Exception <a 'java/lang/ArrayIndexOutOfBoundsException': 27> (0x0000000779b534f8) thrown at [C:\wsjdk\Corretto8Src\installers\windows\zip\corretto-build\buildRoot\src\hotspot\src\share\vm\interpreter\interpreterRuntime.cpp, line 371]
Event: 8.189 Thread 0x00000162d28fc800 Exception <a 'java/lang/ArrayIndexOutOfBoundsException': 3> (0x000000077a4aa208) thrown at [C:\wsjdk\Corretto8Src\installers\windows\zip\corretto-build\buildRoot\src\hotspot\src\share\vm\interpreter\interpreterRuntime.cpp, line 371]
Event: 8.189 Thread 0x00000162d28fc800 Exception <a 'java/lang/ArrayIndexOutOfBoundsException': 3> (0x000000077a4aa628) thrown at [C:\wsjdk\Corretto8Src\installers\windows\zip\corretto-build\buildRoot\src\hotspot\src\share\vm\interpreter\interpreterRuntime.cpp, line 371]
Event: 8.189 Thread 0x00000162d28fc800 Exception <a 'java/lang/ArrayIndexOutOfBoundsException': 13> (0x000000077a4afde8) thrown at [C:\wsjdk\Corretto8Src\installers\windows\zip\corretto-build\buildRoot\src\hotspot\src\share\vm\interpreter\interpreterRuntime.cpp, line 371]
Event: 8.189 Thread 0x00000162d28fc800 Exception <a 'java/lang/ArrayIndexOutOfBoundsException': 13> (0x000000077a4b03f0) thrown at [C:\wsjdk\Corretto8Src\installers\windows\zip\corretto-build\buildRoot\src\hotspot\src\share\vm\interpreter\interpreterRuntime.cpp, line 371]

Events (10 events):
Event: 8.377 loading class org/apache/catalina/Engine
Event: 8.377 loading class org/apache/catalina/Engine done
Event: 8.377 loading class org/springframework/boot/web/server/SslStoreProvider
Event: 8.377 loading class org/springframework/boot/web/server/SslStoreProvider done
Event: 8.378 loading class org/springframework/boot/web/server/ErrorPage
Event: 8.378 loading class org/springframework/boot/web/server/ErrorPage done
Event: 8.382 loading class org/springframework/web/filter/ForwardedHeaderFilter
Event: 8.382 loading class org/springframework/web/filter/ForwardedHeaderFilter done
Event: 8.386 Thread 0x00000162d28fc800 DEOPT PACKING pc=0x00000162d59c845d sp=0x00000057824fca10
Event: 8.386 Thread 0x00000162d28fc800 DEOPT UNPACKING pc=0x00000162d45a71d8 sp=0x00000057824fc808 mode 0


Dynamic libraries:
0x00007ff722a80000 - 0x00007ff722aba000 	G:\Program Files\Java\jdk1.8\bin\java.exe
0x00007ff886b70000 - 0x00007ff886d84000 	C:\WINDOWS\SYSTEM32\ntdll.dll
0x00007ff8857b0000 - 0x00007ff885873000 	C:\WINDOWS\System32\KERNEL32.DLL
0x00007ff883f90000 - 0x00007ff88432d000 	C:\WINDOWS\System32\KERNELBASE.dll
0x00007ff886910000 - 0x00007ff8869be000 	C:\WINDOWS\System32\ADVAPI32.dll
0x00007ff8869c0000 - 0x00007ff886a67000 	C:\WINDOWS\System32\msvcrt.dll
0x00007ff886a80000 - 0x00007ff886b24000 	C:\WINDOWS\System32\sechost.dll
0x00007ff885690000 - 0x00007ff8857a5000 	C:\WINDOWS\System32\RPCRT4.dll
0x00007ff885b70000 - 0x00007ff885d1d000 	C:\WINDOWS\System32\USER32.dll
0x00007ff884930000 - 0x00007ff884956000 	C:\WINDOWS\System32\win32u.dll
0x00007ff886230000 - 0x00007ff886259000 	C:\WINDOWS\System32\GDI32.dll
0x00007ff884330000 - 0x00007ff884442000 	C:\WINDOWS\System32\gdi32full.dll
0x00007ff884890000 - 0x00007ff88492a000 	C:\WINDOWS\System32\msvcp_win.dll
0x00007ff8846f0000 - 0x00007ff884801000 	C:\WINDOWS\System32\ucrtbase.dll
0x00007ff86fd70000 - 0x00007ff86fffe000 	C:\WINDOWS\WinSxS\amd64_microsoft.windows.common-controls_6595b64144ccf1df_6.0.22621.608_none_a9444ca7c10bb01d\COMCTL32.dll
0x00007ff885880000 - 0x00007ff8858b2000 	C:\WINDOWS\System32\IMM32.DLL
0x00007ff828f80000 - 0x00007ff82906f000 	G:\Program Files\Java\jdk1.8\jre\bin\msvcr120.dll
0x00007ff828ed0000 - 0x00007ff828f76000 	G:\Program Files\Java\jdk1.8\jre\bin\msvcp120.dll
0x0000000072110000 - 0x0000000072980000 	G:\Program Files\Java\jdk1.8\jre\bin\server\jvm.dll
0x00007ff885680000 - 0x00007ff885688000 	C:\WINDOWS\System32\PSAPI.DLL
0x00007ff87c670000 - 0x00007ff87c6a4000 	C:\WINDOWS\SYSTEM32\WINMM.dll
0x00007ff87da70000 - 0x00007ff87da7a000 	C:\WINDOWS\SYSTEM32\VERSION.dll
0x00007ff866a90000 - 0x00007ff866a99000 	C:\WINDOWS\SYSTEM32\WSOCK32.dll
0x00007ff8861b0000 - 0x00007ff886221000 	C:\WINDOWS\System32\WS2_32.dll
0x00007ff87efe0000 - 0x00007ff87efef000 	G:\Program Files\Java\jdk1.8\jre\bin\verify.dll
0x00007ff87ecb0000 - 0x00007ff87ecd9000 	G:\Program Files\Java\jdk1.8\jre\bin\java.dll
0x00007ff84e1e0000 - 0x00007ff84e1f6000 	G:\Program Files\Java\jdk1.8\jre\bin\zip.dll
0x00007ff8849c0000 - 0x00007ff8851af000 	C:\WINDOWS\System32\SHELL32.dll
0x00007ff881fc0000 - 0x00007ff882888000 	C:\WINDOWS\SYSTEM32\windows.storage.dll
0x00007ff8864f0000 - 0x00007ff88687a000 	C:\WINDOWS\System32\combase.dll
0x00007ff881e80000 - 0x00007ff881fbe000 	C:\WINDOWS\SYSTEM32\wintypes.dll
0x00007ff8859e0000 - 0x00007ff885ad1000 	C:\WINDOWS\System32\SHCORE.dll
0x00007ff884960000 - 0x00007ff8849be000 	C:\WINDOWS\System32\shlwapi.dll
0x00007ff883ec0000 - 0x00007ff883ee1000 	C:\WINDOWS\SYSTEM32\profapi.dll
0x00007ff84e1c0000 - 0x00007ff84e1da000 	G:\Program Files\Java\jdk1.8\jre\bin\net.dll
0x00007ff883540000 - 0x00007ff8835a9000 	C:\WINDOWS\system32\mswsock.dll
0x00007ff882b50000 - 0x00007ff882b7d000 	C:\WINDOWS\SYSTEM32\IPHLPAPI.DLL
0x00007ff886320000 - 0x00007ff886329000 	C:\WINDOWS\System32\NSI.dll
0x00007ff87c380000 - 0x00007ff87c399000 	C:\WINDOWS\SYSTEM32\dhcpcsvc6.DLL
0x00007ff87bdc0000 - 0x00007ff87bddf000 	C:\WINDOWS\SYSTEM32\dhcpcsvc.DLL
0x00007ff882bc0000 - 0x00007ff882cb2000 	C:\WINDOWS\SYSTEM32\DNSAPI.dll
0x00007ff87d590000 - 0x00007ff87d59a000 	C:\Windows\System32\rasadhlp.dll
0x00007ff87aa50000 - 0x00007ff87aad3000 	C:\WINDOWS\System32\fwpuclnt.dll
0x00007ff87efd0000 - 0x00007ff87efdd000 	G:\Program Files\Java\jdk1.8\jre\bin\management.dll
0x00007ff867ab0000 - 0x00007ff867ac7000 	C:\WINDOWS\system32\napinsp.dll
0x00007ff867a90000 - 0x00007ff867aab000 	C:\WINDOWS\system32\pnrpnsp.dll
0x00007ff867a70000 - 0x00007ff867a81000 	C:\WINDOWS\System32\winrnr.dll
0x00007ff867a50000 - 0x00007ff867a65000 	C:\WINDOWS\system32\wshbth.dll
0x00007ff867a20000 - 0x00007ff867a41000 	C:\WINDOWS\system32\nlansp_c.dll
0x00007ff84e1a0000 - 0x00007ff84e1b2000 	G:\Program Files\Java\jdk1.8\jre\bin\nio.dll
0x00007ff83ff80000 - 0x00007ff83ffa3000 	G:\Program Files\Java\jdk1.8\jre\bin\sunec.dll
0x00007ff883790000 - 0x00007ff8837ab000 	C:\WINDOWS\SYSTEM32\CRYPTSP.dll
0x00007ff883040000 - 0x00007ff883075000 	C:\WINDOWS\system32\rsaenh.dll
0x00007ff883630000 - 0x00007ff883658000 	C:\WINDOWS\SYSTEM32\USERENV.dll
0x00007ff883930000 - 0x00007ff883958000 	C:\WINDOWS\SYSTEM32\bcrypt.dll
0x00007ff884810000 - 0x00007ff88488b000 	C:\WINDOWS\System32\bcryptprimitives.dll
0x00007ff8837b0000 - 0x00007ff8837bc000 	C:\WINDOWS\SYSTEM32\CRYPTBASE.dll
0x00007ff87f090000 - 0x00007ff87f09c000 	G:\Program Files\Java\jdk1.8\jre\bin\sunmscapi.dll
0x00007ff884510000 - 0x00007ff884676000 	C:\WINDOWS\System32\CRYPT32.dll
0x00007ff883900000 - 0x00007ff88392d000 	C:\WINDOWS\SYSTEM32\ncrypt.dll
0x00007ff8838c0000 - 0x00007ff8838f7000 	C:\WINDOWS\SYSTEM32\NTASN1.dll
0x0000000180000000 - 0x0000000180286000 	G:\Program Files\apache-tomcat-8.5.73\bin\tcnative-1.dll

VM Arguments:
java_command: renren-fast.jar
java_class_path (initial): renren-fast.jar
Launcher Type: SUN_STANDARD

Environment Variables:
JAVA_HOME=G:\Program Files\Java\jdk1.8
CLASSPATH=.;%JAVA_HOME%\lib\dt.jar;%JAVA_HOME%\lib\tools.jar
PATH=D:\Program Files (x86)\VMware\VMware Workstation\bin\;C:\Python310\Scripts\;C:\Python310\;C:\Program Files\Common Files\Oracle\Java\javapath;C:\Program Files\MySQL\MySQL Server 8.0\bin;C:\Program Files (x86)\Common Files\Intel\Shared Libraries\redist\intel64\compiler;C:\Windows\system32;C:\Windows;C:\Windows\System32\Wbem;C:\Windows\System32\WindowsPowerShell\v1.0\;C:\Windows\System32\OpenSSH\;C:\Program Files (x86)\NVIDIA Corporation\PhysX\Common;C:\Program Files\NVIDIA Corporation\NVIDIA NvDLISR;G:\Program Files\Java\jdk1.8\bin;G:\Program Files\Java\jdk1.8\jre\bin;G:\Program Files\mingw64\bin;G:\Program Files\apache-maven-3.8.4\bin\;G:\Program Files\apache-tomcat-8.5.73\bin;G:\Program Files\apache-tomcat-8.5.73\lib;D:\Program Files (x86)\NetSarang\Xftp 7\;D:\Program Files (x86)\NetSarang\Xshell 7\;C:\ProgramData\chocolatey\bin;D:\Program Files\nodejs\node_global;C:\Users\DELL\AppData\Roaming\nvm;G:\nodejs;D:\Program Files\Git\cmd;G:\Program Files\nvm\npm;G:\Program Files\Android\android-sdk\platform-tools;G:\Program Files\Android\android-sdk\tools;G:\Program Files\Android\android-sdk\build-tools\29.0.3;C:\Program Files\MongoDB\Server\4.2\bin;C:\Program Files (x86)\Git\cmd;C:\WINDOWS\system32;C:\WINDOWS;C:\WINDOWS\System32\Wbem;C:\WINDOWS\System32\WindowsPowerShell\v1.0\;C:\WINDOWS\System32\OpenSSH\;J:\HashiCorp\Vagrant\bin;C:\Users\DELL\AppData\Local\Microsoft\WindowsApps;G:\JetBrains\WebStorm 2021.3.1\bin;;G:\JetBrains\IntelliJ IDEA 2021.3.1\bin;;G:\JetBrains\PyCharm 2021.3.1\bin;;G:\Microsoft VS Code\bin;C:\Users\DELL\AppData\Roaming\nvm;G:\nodejs;
USERNAME=DELL
OS=Windows_NT
PROCESSOR_IDENTIFIER=AMD64 Family 25 Model 80 Stepping 0, AuthenticAMD



---------------  S Y S T E M  ---------------

OS: Windows 10.0 , 64 bit Build 22621 (10.0.22621.1105)

CPU:total 16 (initial active 16) (16 cores per cpu, 1 threads per core) family 25 model 80 stepping 0, cmov, cx8, fxsr, mmx, sse, sse2, sse3, ssse3, sse4.1, sse4.2, popcnt, avx, avx2, aes, clmul, erms, mmxext, 3dnowpref, lzcnt, sse4a, tsc, tscinvbit, tscinv, bmi1

Memory: 4k page, physical 16625724k(170428k free), swap 42840120k(10520k free)

vm_info: OpenJDK 64-Bit Server VM (25.312-b07) for windows-amd64 JRE (1.8.0_312-b07), built on Oct 14 2021 21:08:49 by "Administrator" with MS VC++ 12.0 (VS2013)

time: Mon Jan 16 20:49:58 2023
timezone: ?D1¨²¡À¨º¡Á?¨º¡À??
elapsed time: 8.407291 seconds (0d 0h 0m 8s)

